Determining if the pthread_create exist failed with the following output:
Change Dir: /home/shenqiuping/RPC_Anal/Smooth/Run/buildR191211/CMakeFiles/CMakeTmp

Run Build Command(s):/usr/bin/gmake cmTC_bfad2/fast 
/usr/bin/gmake -f CMakeFiles/cmTC_bfad2.dir/build.make CMakeFiles/cmTC_bfad2.dir/build
gmake[1]: Entering directory `/home/shenqiuping/RPC_Anal/Smooth/Run/buildR191211/CMakeFiles/CMakeTmp'
Building C object CMakeFiles/cmTC_bfad2.dir/CheckSymbolExists.c.o
/home/zhangyulei/softwares/CEPC/cepcsoft/x86_64-sl6-gcc49/external/GCC/4.9.4/install/bin/gcc    -o CMakeFiles/cmTC_bfad2.dir/CheckSymbolExists.c.o   -c /home/shenqiuping/RPC_Anal/Smooth/Run/buildR191211/CMakeFiles/CMakeTmp/CheckSymbolExists.c
Linking C executable cmTC_bfad2
/home/zhangyulei/softwares/cmake-3.14.4/install/bin/cmake -E cmake_link_script CMakeFiles/cmTC_bfad2.dir/link.txt --verbose=1
/home/zhangyulei/softwares/CEPC/cepcsoft/x86_64-sl6-gcc49/external/GCC/4.9.4/install/bin/gcc      -rdynamic CMakeFiles/cmTC_bfad2.dir/CheckSymbolExists.c.o  -o cmTC_bfad2 
CMakeFiles/cmTC_bfad2.dir/CheckSymbolExists.c.o: In function `main':
CheckSymbolExists.c:(.text+0x16): undefined reference to `pthread_create'
collect2: error: ld returned 1 exit status
gmake[1]: *** [cmTC_bfad2] Error 1
gmake[1]: Leaving directory `/home/shenqiuping/RPC_Anal/Smooth/Run/buildR191211/CMakeFiles/CMakeTmp'
gmake: *** [cmTC_bfad2/fast] Error 2

File /home/shenqiuping/RPC_Anal/Smooth/Run/buildR191211/CMakeFiles/CMakeTmp/CheckSymbolExists.c:
/* */
#include <pthread.h>

int main(int argc, char** argv)
{
  (void)argv;
#ifndef pthread_create
  return ((int*)(&pthread_create))[argc];
#else
  (void)argc;
  return 0;
#endif
}

Determining if the function pthread_create exists in the pthreads failed with the following output:
Change Dir: /home/shenqiuping/RPC_Anal/Smooth/Run/buildR191211/CMakeFiles/CMakeTmp

Run Build Command(s):/usr/bin/gmake cmTC_2152c/fast 
/usr/bin/gmake -f CMakeFiles/cmTC_2152c.dir/build.make CMakeFiles/cmTC_2152c.dir/build
gmake[1]: Entering directory `/home/shenqiuping/RPC_Anal/Smooth/Run/buildR191211/CMakeFiles/CMakeTmp'
Building C object CMakeFiles/cmTC_2152c.dir/CheckFunctionExists.c.o
/home/zhangyulei/softwares/CEPC/cepcsoft/x86_64-sl6-gcc49/external/GCC/4.9.4/install/bin/gcc   -DCHECK_FUNCTION_EXISTS=pthread_create   -o CMakeFiles/cmTC_2152c.dir/CheckFunctionExists.c.o   -c /home/zhangyulei/softwares/cmake-3.14.4/install/share/cmake-3.14/Modules/CheckFunctionExists.c
Linking C executable cmTC_2152c
/home/zhangyulei/softwares/cmake-3.14.4/install/bin/cmake -E cmake_link_script CMakeFiles/cmTC_2152c.dir/link.txt --verbose=1
/home/zhangyulei/softwares/CEPC/cepcsoft/x86_64-sl6-gcc49/external/GCC/4.9.4/install/bin/gcc  -DCHECK_FUNCTION_EXISTS=pthread_create    -rdynamic CMakeFiles/cmTC_2152c.dir/CheckFunctionExists.c.o  -o cmTC_2152c -lpthreads 
/usr/bin/ld: cannot find -lpthreads
collect2: error: ld returned 1 exit status
gmake[1]: *** [cmTC_2152c] Error 1
gmake[1]: Leaving directory `/home/shenqiuping/RPC_Anal/Smooth/Run/buildR191211/CMakeFiles/CMakeTmp'
gmake: *** [cmTC_2152c/fast] Error 2


